# JRE version: OpenJDK Runtime Environment (8.0_262-b10) (build 1.8.0_262-b10)
# Java VM: OpenJDK 64-Bit Server VM (25.262-b10 mixed mode windows-amd64 compressed oops)
Heap:
 PSYoungGen      total 141312K, used 115711K [0x00000000f5580000, 0x00000000ffb80000, 0x0000000100000000)
  eden space 115712K, 99% used [0x00000000f5580000,0x00000000fc67fff8,0x00000000fc680000)
  from space 25600K, 0% used [0x00000000fe280000,0x00000000fe280000,0x00000000ffb80000)
  to   space 27136K, 0% used [0x00000000fc680000,0x00000000fc680000,0x00000000fe100000)
 ParOldGen       total 349696K, used 349325K [0x00000000e0000000, 0x00000000f5580000, 0x00000000f5580000)
  object space 349696K, 99% used [0x00000000e0000000,0x00000000f55234d8,0x00000000f5580000)
 Metaspace       used 166238K, capacity 175787K, committed 179032K, reserved 1206272K
  class space    used 19990K, capacity 22130K, committed 23168K, reserved 1048576K
GC Heap History (10 events):
Event: 4989.891 GC heap after
Heap after GC invocations=832 (full 522):
 PSYoungGen      total 141312K, used 115711K [0x00000000f5580000, 0x00000000ffb80000, 0x0000000100000000)
  eden space 115712K, 99% used [0x00000000f5580000,0x00000000fc67ffe0,0x00000000fc680000)
  from space 25600K, 0% used [0x00000000fe280000,0x00000000fe280000,0x00000000ffb80000)
  to   space 27136K, 0% used [0x00000000fc680000,0x00000000fc680000,0x00000000fe100000)
 ParOldGen       total 349696K, used 349324K [0x00000000e0000000, 0x00000000f5580000, 0x00000000f5580000)
  object space 349696K, 99% used [0x00000000e0000000,0x00000000f55231a8,0x00000000f5580000)
 Metaspace       used 166238K, capacity 175787K, committed 179032K, reserved 1206272K
  class space    used 19990K, capacity 22130K, committed 23168K, reserved 1048576K
}
Event: 4989.891 GC heap before
{Heap before GC invocations=833 (full 523):
 PSYoungGen      total 141312K, used 115711K [0x00000000f5580000, 0x00000000ffb80000, 0x0000000100000000)
  eden space 115712K, 99% used [0x00000000f5580000,0x00000000fc67fff8,0x00000000fc680000)
  from space 25600K, 0% used [0x00000000fe280000,0x00000000fe280000,0x00000000ffb80000)
  to   space 27136K, 0% used [0x00000000fc680000,0x00000000fc680000,0x00000000fe100000)
 ParOldGen       total 349696K, used 349326K [0x00000000e0000000, 0x00000000f5580000, 0x00000000f5580000)
  object space 349696K, 99% used [0x00000000e0000000,0x00000000f5523a18,0x00000000f5580000)
 Metaspace       used 166238K, capacity 175787K, committed 179032K, reserved 1206272K
  class space    used 19990K, capacity 22130K, committed 23168K, reserved 1048576K
Event: 4990.205 GC heap after
Heap after GC invocations=833 (full 523):
 PSYoungGen      total 141312K, used 115711K [0x00000000f5580000, 0x00000000ffb80000, 0x0000000100000000)
  eden space 115712K, 99% used [0x00000000f5580000,0x00000000fc67feb0,0x00000000fc680000)
  from space 25600K, 0% used [0x00000000fe280000,0x00000000fe280000,0x00000000ffb80000)
  to   space 27136K, 0% used [0x00000000fc680000,0x00000000fc680000,0x00000000fe100000)
 ParOldGen       total 349696K, used 349325K [0x00000000e0000000, 0x00000000f5580000, 0x00000000f5580000)
  object space 349696K, 99% used [0x00000000e0000000,0x00000000f5523548,0x00000000f5580000)
 Metaspace       used 166238K, capacity 175787K, committed 179032K, reserved 1206272K
  class space    used 19990K, capacity 22130K, committed 23168K, reserved 1048576K
}
Event: 4990.206 GC heap before
{Heap before GC invocations=834 (full 524):
 PSYoungGen      total 141312K, used 115712K [0x00000000f5580000, 0x00000000ffb80000, 0x0000000100000000)
  eden space 115712K, 100% used [0x00000000f5580000,0x00000000fc680000,0x00000000fc680000)
  from space 25600K, 0% used [0x00000000fe280000,0x00000000fe280000,0x00000000ffb80000)
  to   space 27136K, 0% used [0x00000000fc680000,0x00000000fc680000,0x00000000fe100000)
 ParOldGen       total 349696K, used 349325K [0x00000000e0000000, 0x00000000f5580000, 0x00000000f5580000)
  object space 349696K, 99% used [0x00000000e0000000,0x00000000f5523548,0x00000000f5580000)
 Metaspace       used 166238K, capacity 175787K, committed 179032K, reserved 1206272K
  class space    used 19990K, capacity 22130K, committed 23168K, reserved 1048576K
Event: 4990.512 GC heap after
Heap after GC invocations=834 (full 524):
 PSYoungGen      total 141312K, used 115711K [0x00000000f5580000, 0x00000000ffb80000, 0x0000000100000000)
  eden space 115712K, 99% used [0x00000000f5580000,0x00000000fc67ff00,0x00000000fc680000)
  from space 25600K, 0% used [0x00000000fe280000,0x00000000fe280000,0x00000000ffb80000)
  to   space 27136K, 0% used [0x00000000fc680000,0x00000000fc680000,0x00000000fe100000)
 ParOldGen       total 349696K, used 349325K [0x00000000e0000000, 0x00000000f5580000, 0x00000000f5580000)
  object space 349696K, 99% used [0x00000000e0000000,0x00000000f55234f8,0x00000000f5580000)
 Metaspace       used 166238K, capacity 175787K, committed 179032K, reserved 1206272K
  class space    used 19990K, capacity 22130K, committed 23168K, reserved 1048576K
}
Event: 4990.512 GC heap before
{Heap before GC invocations=835 (full 525):
 PSYoungGen      total 141312K, used 115712K [0x00000000f5580000, 0x00000000ffb80000, 0x0000000100000000)
  eden space 115712K, 100% used [0x00000000f5580000,0x00000000fc680000,0x00000000fc680000)
  from space 25600K, 0% used [0x00000000fe280000,0x00000000fe280000,0x00000000ffb80000)
  to   space 27136K, 0% used [0x00000000fc680000,0x00000000fc680000,0x00000000fe100000)
 ParOldGen       total 349696K, used 349325K [0x00000000e0000000, 0x00000000f5580000, 0x00000000f5580000)
  object space 349696K, 99% used [0x00000000e0000000,0x00000000f55234f8,0x00000000f5580000)
 Metaspace       used 166238K, capacity 175787K, committed 179032K, reserved 1206272K
  class space    used 19990K, capacity 22130K, committed 23168K, reserved 1048576K
Event: 4990.827 GC heap after
Heap after GC invocations=835 (full 525):
 PSYoungGen      total 141312K, used 115711K [0x00000000f5580000, 0x00000000ffb80000, 0x0000000100000000)
  eden space 115712K, 99% used [0x00000000f5580000,0x00000000fc67ff58,0x00000000fc680000)
  from space 25600K, 0% used [0x00000000fe280000,0x00000000fe280000,0x00000000ffb80000)
  to   space 27136K, 0% used [0x00000000fc680000,0x00000000fc680000,0x00000000fe100000)
 ParOldGen       total 349696K, used 349325K [0x00000000e0000000, 0x00000000f5580000, 0x00000000f5580000)
  object space 349696K, 99% used [0x00000000e0000000,0x00000000f55234d8,0x00000000f5580000)
 Metaspace       used 166238K, capacity 175787K, committed 179032K, reserved 1206272K
  class space    used 19990K, capacity 22130K, committed 23168K, reserved 1048576K
}
Event: 4990.827 GC heap before
{Heap before GC invocations=836 (full 526):
 PSYoungGen      total 141312K, used 115712K [0x00000000f5580000, 0x00000000ffb80000, 0x0000000100000000)
  eden space 115712K, 100% used [0x00000000f5580000,0x00000000fc680000,0x00000000fc680000)
  from space 25600K, 0% used [0x00000000fe280000,0x00000000fe280000,0x00000000ffb80000)
  to   space 27136K, 0% used [0x00000000fc680000,0x00000000fc680000,0x00000000fe100000)
 ParOldGen       total 349696K, used 349325K [0x00000000e0000000, 0x00000000f5580000, 0x00000000f5580000)
  object space 349696K, 99% used [0x00000000e0000000,0x00000000f55234d8,0x00000000f5580000)
 Metaspace       used 166238K, capacity 175787K, committed 179032K, reserved 1206272K
  class space    used 19990K, capacity 22130K, committed 23168K, reserved 1048576K
Event: 4991.139 GC heap after
Heap after GC invocations=836 (full 526):
 PSYoungGen      total 141312K, used 115711K [0x00000000f5580000, 0x00000000ffb80000, 0x0000000100000000)
  eden space 115712K, 99% used [0x00000000f5580000,0x00000000fc67ff98,0x00000000fc680000)
  from space 25600K, 0% used [0x00000000fe280000,0x00000000fe280000,0x00000000ffb80000)
  to   space 27136K, 0% used [0x00000000fc680000,0x00000000fc680000,0x00000000fe100000)
 ParOldGen       total 349696K, used 349325K [0x00000000e0000000, 0x00000000f5580000, 0x00000000f5580000)
  object space 349696K, 99% used [0x00000000e0000000,0x00000000f55234d8,0x00000000f5580000)
 Metaspace       used 166238K, capacity 175787K, committed 179032K, reserved 1206272K
  class space    used 19990K, capacity 22130K, committed 23168K, reserved 1048576K
}
Event: 4991.139 GC heap before
{Heap before GC invocations=837 (full 527):
 PSYoungGen      total 141312K, used 115711K [0x00000000f5580000, 0x00000000ffb80000, 0x0000000100000000)
  eden space 115712K, 99% used [0x00000000f5580000,0x00000000fc67fff8,0x00000000fc680000)
  from space 25600K, 0% used [0x00000000fe280000,0x00000000fe280000,0x00000000ffb80000)
  to   space 27136K, 0% used [0x00000000fc680000,0x00000000fc680000,0x00000000fe100000)
 ParOldGen       total 349696K, used 349325K [0x00000000e0000000, 0x00000000f5580000, 0x00000000f5580000)
  object space 349696K, 99% used [0x00000000e0000000,0x00000000f55234d8,0x00000000f5580000)
 Metaspace       used 166238K, capacity 175787K, committed 179032K, reserved 1206272K
  class space    used 19990K, capacity 22130K, committed 23168K, reserved 1048576K

